<?xml version="1.0" encoding="UTF-8"?>
<coverage generated="1660536258786" clover="3.2.0">
  <project timestamp="1660536258786" name="All files">
    <metrics statements="33" coveredstatements="29" conditionals="5" coveredconditionals="2" methods="14" coveredmethods="12" elements="52" coveredelements="43" complexity="0" loc="33" ncloc="33" packages="1" files="1" classes="1"/>
    <file name="month-days.js" path="/home/sit19/dev/vue-cdjs/src/common/month-days.js">
      <metrics statements="33" coveredstatements="29" conditionals="5" coveredconditionals="2" methods="14" coveredmethods="12"/>
      <line num="3" count="2" type="stmt"/>
      <line num="5" count="5" type="stmt"/>
      <line num="6" count="130" type="stmt"/>
      <line num="7" count="5" type="stmt"/>
      <line num="8" count="2" type="stmt"/>
      <line num="9" count="1" type="stmt"/>
      <line num="10" count="1" type="stmt"/>
      <line num="12" count="2" type="stmt"/>
      <line num="13" count="4" type="stmt"/>
      <line num="14" count="4" type="stmt"/>
      <line num="15" count="4" type="stmt"/>
      <line num="16" count="4" type="stmt"/>
      <line num="17" count="11" type="stmt"/>
      <line num="18" count="11" type="stmt"/>
      <line num="20" count="4" type="stmt"/>
      <line num="22" count="2" type="cond" truecount="1" falsecount="0"/>
      <line num="23" count="4" type="stmt"/>
      <line num="24" count="4" type="stmt"/>
      <line num="31" count="4" type="stmt"/>
      <line num="32" count="121" type="stmt"/>
      <line num="33" count="121" type="cond" truecount="1" falsecount="1"/>
      <line num="34" count="0" type="cond" truecount="0" falsecount="2"/>
      <line num="35" count="0" type="stmt"/>
      <line num="37" count="121" type="stmt"/>
      <line num="39" count="4" type="stmt"/>
      <line num="40" count="4" type="stmt"/>
      <line num="45" count="4" type="stmt"/>
      <line num="46" count="121" type="stmt"/>
      <line num="49" count="0" type="stmt"/>
      <line num="50" count="0" type="stmt"/>
      <line num="52" count="4" type="stmt"/>
      <line num="57" count="2" type="stmt"/>
      <line num="58" count="14" type="stmt"/>
    </file>
  </project>
</coverage>
