{"/home/sit19/dev/vue-cdjs/babel.config.js": {"path":"/home/sit19/dev/vue-cdjs/babel.config.js","statementMap":{"0":{"start":{"line":1,"column":0},"end":{"line":5,"column":1}}},"fnMap":{},"branchMap":{},"s":{"0":0},"f":{},"b":{}}
,"/home/sit19/dev/vue-cdjs/jest.config.js": {"path":"/home/sit19/dev/vue-cdjs/jest.config.js","statementMap":{"0":{"start":{"line":1,"column":0},"end":{"line":6,"column":1}}},"fnMap":{},"branchMap":{},"s":{"0":0},"f":{},"b":{}}
,"/home/sit19/dev/vue-cdjs/keys.js": {"path":"/home/sit19/dev/vue-cdjs/keys.js","statementMap":{"0":{"start":{"line":1,"column":19},"end":{"line":1,"column":177}},"1":{"start":{"line":2,"column":22},"end":{"line":2,"column":125}},"2":{"start":{"line":3,"column":15},"end":{"line":3,"column":458}}},"fnMap":{},"branchMap":{},"s":{"0":0,"1":0,"2":0},"f":{},"b":{}}
,"/home/sit19/dev/vue-cdjs/vue.config.js": {"path":"/home/sit19/dev/vue-cdjs/vue.config.js","statementMap":{"0":{"start":{"line":1,"column":28},"end":{"line":1,"column":68}},"1":{"start":{"line":3,"column":0},"end":{"line":62,"column":1}}},"fnMap":{},"branchMap":{},"s":{"0":0,"1":0},"f":{},"b":{}}
,"/home/sit19/dev/vue-cdjs/src/App.vue": {"path":"/home/sit19/dev/vue-cdjs/src/App.vue","statementMap":{"0":{"start":{"line":1,"column":0},"end":{"line":1,"column":null}}},"fnMap":{"0":{"name":"(anonymous_0)","decl":{"start":{"line":1,"column":0},"end":{"line":1,"column":null}},"loc":{"start":{"line":1,"column":0},"end":{"line":1,"column":null}}}},"branchMap":{},"s":{"0":0},"f":{"0":0},"b":{}}
,"/home/sit19/dev/vue-cdjs/src/index.js": {"path":"/home/sit19/dev/vue-cdjs/src/index.js","statementMap":{},"fnMap":{},"branchMap":{},"s":{},"f":{},"b":{}}
,"/home/sit19/dev/vue-cdjs/src/main.js": {"path":"/home/sit19/dev/vue-cdjs/src/main.js","statementMap":{"0":{"start":{"line":7,"column":0},"end":{"line":7,"column":32}},"1":{"start":{"line":8,"column":0},"end":{"line":8,"column":40}},"2":{"start":{"line":9,"column":0},"end":{"line":12,"column":17}},"3":{"start":{"line":11,"column":15},"end":{"line":11,"column":21}}},"fnMap":{"0":{"name":"(anonymous_0)","decl":{"start":{"line":11,"column":10},"end":{"line":11,"column":11}},"loc":{"start":{"line":11,"column":15},"end":{"line":11,"column":21}},"line":11}},"branchMap":{},"s":{"0":0,"1":0,"2":0,"3":0},"f":{"0":0},"b":{}}
,"/home/sit19/dev/vue-cdjs/src/common/aria.js": {"path":"/home/sit19/dev/vue-cdjs/src/common/aria.js","statementMap":{"0":{"start":{"line":1,"column":18},"end":{"line":1,"column":138}},"1":{"start":{"line":2,"column":18},"end":{"line":2,"column":142}},"2":{"start":{"line":5,"column":4},"end":{"line":5,"column":40}},"3":{"start":{"line":8,"column":4},"end":{"line":8,"column":40}}},"fnMap":{"0":{"name":"validateItemRole","decl":{"start":{"line":4,"column":9},"end":{"line":4,"column":25}},"loc":{"start":{"line":4,"column":34},"end":{"line":6,"column":1}},"line":4},"1":{"name":"validateListRole","decl":{"start":{"line":7,"column":9},"end":{"line":7,"column":25}},"loc":{"start":{"line":7,"column":34},"end":{"line":9,"column":1}},"line":7}},"branchMap":{},"s":{"0":1,"1":1,"2":9,"3":9},"f":{"0":9,"1":9},"b":{},"_coverageSchema":"1a1c01bbd47fc00a2c39e90264f33305004495a9","hash":"a0546c958ecd7ec7fb638a7bf196edc7b6e69893"}
,"/home/sit19/dev/vue-cdjs/src/common/month-days.js": {"path":"/home/sit19/dev/vue-cdjs/src/common/month-days.js","statementMap":{"0":{"start":{"line":3,"column":0},"end":{"line":3,"column":19}},"1":{"start":{"line":5,"column":20},"end":{"line":5,"column":93}},"2":{"start":{"line":5,"column":37},"end":{"line":5,"column":93}},"3":{"start":{"line":6,"column":19},"end":{"line":6,"column":90}},"4":{"start":{"line":6,"column":42},"end":{"line":6,"column":89}},"5":{"start":{"line":7,"column":21},"end":{"line":7,"column":89}},"6":{"start":{"line":7,"column":39},"end":{"line":7,"column":88}},"7":{"start":{"line":8,"column":28},"end":{"line":11,"column":1}},"8":{"start":{"line":9,"column":15},"end":{"line":9,"column":50}},"9":{"start":{"line":10,"column":2},"end":{"line":10,"column":60}},"10":{"start":{"line":12,"column":22},"end":{"line":21,"column":1}},"11":{"start":{"line":13,"column":20},"end":{"line":13,"column":55}},"12":{"start":{"line":14,"column":18},"end":{"line":14,"column":71}},"13":{"start":{"line":15,"column":15},"end":{"line":15,"column":17}},"14":{"start":{"line":16,"column":2},"end":{"line":19,"column":3}},"15":{"start":{"line":17,"column":4},"end":{"line":17,"column":66}},"16":{"start":{"line":18,"column":4},"end":{"line":18,"column":31}},"17":{"start":{"line":20,"column":2},"end":{"line":20,"column":13}},"18":{"start":{"line":22,"column":16},"end":{"line":48,"column":1}},"19":{"start":{"line":23,"column":15},"end":{"line":23,"column":17}},"20":{"start":{"line":24,"column":17},"end":{"line":30,"column":3}},"21":{"start":{"line":32,"column":2},"end":{"line":47,"column":4}},"22":{"start":{"line":33,"column":4},"end":{"line":46,"column":6}},"23":{"start":{"line":38,"column":6},"end":{"line":40,"column":7}},"24":{"start":{"line":39,"column":28},"end":{"line":39,"column":103}},"25":{"start":{"line":42,"column":6},"end":{"line":43,"column":89}},"26":{"start":{"line":43,"column":28},"end":{"line":43,"column":86}},"27":{"start":{"line":45,"column":6},"end":{"line":45,"column":19}},"28":{"start":{"line":50,"column":2},"end":{"line":59,"column":1}},"29":{"start":{"line":51,"column":15},"end":{"line":58,"column":5}}},"fnMap":{"0":{"name":"(anonymous_0)","decl":{"start":{"line":5,"column":20},"end":{"line":5,"column":21}},"loc":{"start":{"line":5,"column":37},"end":{"line":5,"column":93}},"line":5},"1":{"name":"(anonymous_1)","decl":{"start":{"line":6,"column":19},"end":{"line":6,"column":20}},"loc":{"start":{"line":6,"column":42},"end":{"line":6,"column":89}},"line":6},"2":{"name":"(anonymous_2)","decl":{"start":{"line":7,"column":21},"end":{"line":7,"column":22}},"loc":{"start":{"line":7,"column":39},"end":{"line":7,"column":88}},"line":7},"3":{"name":"(anonymous_3)","decl":{"start":{"line":8,"column":28},"end":{"line":8,"column":29}},"loc":{"start":{"line":8,"column":38},"end":{"line":11,"column":1}},"line":8},"4":{"name":"(anonymous_4)","decl":{"start":{"line":12,"column":22},"end":{"line":12,"column":23}},"loc":{"start":{"line":12,"column":32},"end":{"line":21,"column":1}},"line":12},"5":{"name":"(anonymous_5)","decl":{"start":{"line":22,"column":16},"end":{"line":22,"column":17}},"loc":{"start":{"line":22,"column":65},"end":{"line":48,"column":1}},"line":22},"6":{"name":"(anonymous_6)","decl":{"start":{"line":32,"column":21},"end":{"line":32,"column":22}},"loc":{"start":{"line":32,"column":42},"end":{"line":47,"column":3}},"line":32},"7":{"name":"(anonymous_7)","decl":{"start":{"line":37,"column":12},"end":{"line":37,"column":13}},"loc":{"start":{"line":37,"column":24},"end":{"line":41,"column":5}},"line":37},"8":{"name":"(anonymous_8)","decl":{"start":{"line":39,"column":13},"end":{"line":39,"column":14}},"loc":{"start":{"line":39,"column":28},"end":{"line":39,"column":103}},"line":39},"9":{"name":"(anonymous_9)","decl":{"start":{"line":41,"column":13},"end":{"line":41,"column":14}},"loc":{"start":{"line":41,"column":23},"end":{"line":44,"column":5}},"line":41},"10":{"name":"(anonymous_10)","decl":{"start":{"line":43,"column":13},"end":{"line":43,"column":14}},"loc":{"start":{"line":43,"column":28},"end":{"line":43,"column":86}},"line":43},"11":{"name":"(anonymous_11)","decl":{"start":{"line":44,"column":15},"end":{"line":44,"column":16}},"loc":{"start":{"line":44,"column":21},"end":{"line":46,"column":5}},"line":44},"12":{"name":"(anonymous_12)","decl":{"start":{"line":51,"column":9},"end":{"line":51,"column":10}},"loc":{"start":{"line":51,"column":15},"end":{"line":58,"column":5}},"line":51}},"branchMap":{"0":{"loc":{"start":{"line":22,"column":23},"end":{"line":22,"column":60}},"type":"default-arg","locations":[{"start":{"line":22,"column":33},"end":{"line":22,"column":60}}],"line":22}},"s":{"0":1,"1":1,"2":2,"3":1,"4":33,"5":1,"6":2,"7":1,"8":1,"9":1,"10":1,"11":1,"12":1,"13":1,"14":1,"15":3,"16":3,"17":1,"18":1,"19":1,"20":1,"21":1,"22":1,"23":1,"24":30,"25":0,"26":0,"27":1,"28":1,"29":7},"f":{"0":2,"1":33,"2":2,"3":1,"4":1,"5":1,"6":1,"7":1,"8":30,"9":0,"10":0,"11":1,"12":7},"b":{"0":[1]},"_coverageSchema":"1a1c01bbd47fc00a2c39e90264f33305004495a9","hash":"0469cca0e3b25d2b3702ac5f61c3e247988cdf47"}
,"/home/sit19/dev/vue-cdjs/src/components/cd-day.vue": {"path":"/home/sit19/dev/vue-cdjs/src/components/cd-day.vue","statementMap":{"0":{"start":{"line":1,"column":0},"end":{"line":1,"column":null}}},"fnMap":{"0":{"name":"(anonymous_0)","decl":{"start":{"line":1,"column":0},"end":{"line":1,"column":null}},"loc":{"start":{"line":1,"column":0},"end":{"line":1,"column":null}}}},"branchMap":{},"s":{"0":102},"f":{"0":33},"b":{}}
,"/home/sit19/dev/vue-cdjs/src/components/cd-list.vue": {"path":"/home/sit19/dev/vue-cdjs/src/components/cd-list.vue","statementMap":{"0":{"start":{"line":28,"column":0},"end":{"line":38,"column":null}},"1":{"start":{"line":1,"column":0},"end":{"line":1,"column":null}}},"fnMap":{"0":{"name":"(anonymous_0)","decl":{"start":{"line":28,"column":0},"end":{"line":28,"column":null}},"loc":{"start":{"line":28,"column":0},"end":{"line":38,"column":null}}},"1":{"name":"(anonymous_1)","decl":{"start":{"line":1,"column":0},"end":{"line":1,"column":null}},"loc":{"start":{"line":1,"column":0},"end":{"line":1,"column":null}}}},"branchMap":{"0":{"loc":{"start":{"line":1,"column":0},"end":{"line":1,"column":null}},"type":"cond-expr","locations":[{"start":{"line":1,"column":0},"end":{"line":1,"column":null}},{"start":{"line":1,"column":0},"end":{"line":1,"column":null}}]}},"s":{"0":1,"1":84},"f":{"0":8,"1":63},"b":{"0":[7,20]}}
,"/home/sit19/dev/vue-cdjs/src/components/cd-month.vue": {"path":"/home/sit19/dev/vue-cdjs/src/components/cd-month.vue","statementMap":{"0":{"start":{"line":24,"column":0},"end":{"line":24,"column":null}},"1":{"start":{"line":1,"column":0},"end":{"line":1,"column":null}}},"fnMap":{"0":{"name":"(anonymous_0)","decl":{"start":{"line":24,"column":0},"end":{"line":24,"column":null}},"loc":{"start":{"line":24,"column":0},"end":{"line":24,"column":null}}},"1":{"name":"(anonymous_1)","decl":{"start":{"line":1,"column":0},"end":{"line":1,"column":null}},"loc":{"start":{"line":1,"column":0},"end":{"line":1,"column":null}}}},"branchMap":{"0":{"loc":{"start":{"line":24,"column":0},"end":{"line":24,"column":null}},"type":"default-arg","locations":[{"start":{"line":24,"column":0},"end":{"line":24,"column":null}}]},"1":{"loc":{"start":{"line":1,"column":0},"end":{"line":1,"column":null}},"type":"cond-expr","locations":[{"start":{"line":1,"column":0},"end":{"line":1,"column":null}},{"start":{"line":1,"column":0},"end":{"line":1,"column":null}}]}},"s":{"0":1,"1":70},"f":{"0":0,"1":49},"b":{"0":[0],"1":[7,7]}}
,"/home/sit19/dev/vue-cdjs/src/router/index.js": {"path":"/home/sit19/dev/vue-cdjs/src/router/index.js","statementMap":{"0":{"start":{"line":5,"column":0},"end":{"line":5,"column":18}},"1":{"start":{"line":7,"column":15},"end":{"line":31,"column":1}},"2":{"start":{"line":19,"column":21},"end":{"line":19,"column":86}},"3":{"start":{"line":24,"column":21},"end":{"line":24,"column":54}},"4":{"start":{"line":29,"column":21},"end":{"line":29,"column":53}},"5":{"start":{"line":33,"column":15},"end":{"line":35,"column":2}}},"fnMap":{"0":{"name":"(anonymous_0)","decl":{"start":{"line":19,"column":15},"end":{"line":19,"column":16}},"loc":{"start":{"line":19,"column":21},"end":{"line":19,"column":86}},"line":19},"1":{"name":"(anonymous_1)","decl":{"start":{"line":24,"column":15},"end":{"line":24,"column":16}},"loc":{"start":{"line":24,"column":21},"end":{"line":24,"column":54}},"line":24},"2":{"name":"(anonymous_2)","decl":{"start":{"line":29,"column":15},"end":{"line":29,"column":16}},"loc":{"start":{"line":29,"column":21},"end":{"line":29,"column":53}},"line":29}},"branchMap":{},"s":{"0":0,"1":0,"2":0,"3":0,"4":0,"5":0},"f":{"0":0,"1":0,"2":0},"b":{}}
,"/home/sit19/dev/vue-cdjs/src/views/about-view.vue": {"path":"/home/sit19/dev/vue-cdjs/src/views/about-view.vue","statementMap":{"0":{"start":{"line":1,"column":0},"end":{"line":1,"column":null}}},"fnMap":{"0":{"name":"(anonymous_0)","decl":{"start":{"line":1,"column":0},"end":{"line":1,"column":null}},"loc":{"start":{"line":1,"column":0},"end":{"line":1,"column":null}}}},"branchMap":{},"s":{"0":0},"f":{"0":0},"b":{}}
,"/home/sit19/dev/vue-cdjs/src/views/home-view.vue": {"path":"/home/sit19/dev/vue-cdjs/src/views/home-view.vue","statementMap":{"0":{"start":{"line":1,"column":0},"end":{"line":1,"column":null}}},"fnMap":{"0":{"name":"(anonymous_0)","decl":{"start":{"line":1,"column":0},"end":{"line":1,"column":null}},"loc":{"start":{"line":1,"column":0},"end":{"line":1,"column":null}}}},"branchMap":{},"s":{"0":0},"f":{"0":0},"b":{}}
,"/home/sit19/dev/vue-cdjs/src/views/list-view.vue": {"path":"/home/sit19/dev/vue-cdjs/src/views/list-view.vue","statementMap":{"0":{"start":{"line":1,"column":0},"end":{"line":1,"column":null}}},"fnMap":{"0":{"name":"(anonymous_0)","decl":{"start":{"line":1,"column":0},"end":{"line":1,"column":null}},"loc":{"start":{"line":1,"column":0},"end":{"line":1,"column":null}}}},"branchMap":{},"s":{"0":0},"f":{"0":0},"b":{}}
,"/home/sit19/dev/vue-cdjs/src/views/month-view.vue": {"path":"/home/sit19/dev/vue-cdjs/src/views/month-view.vue","statementMap":{"0":{"start":{"line":1,"column":0},"end":{"line":1,"column":null}}},"fnMap":{"0":{"name":"(anonymous_0)","decl":{"start":{"line":1,"column":0},"end":{"line":1,"column":null}},"loc":{"start":{"line":1,"column":0},"end":{"line":1,"column":null}}}},"branchMap":{},"s":{"0":0},"f":{"0":0},"b":{}}
}
