{"/home/sit19/dev/vue-cdjs/src/common/month-days.js": {"path":"/home/sit19/dev/vue-cdjs/src/common/month-days.js","statementMap":{"0":{"start":{"line":3,"column":0},"end":{"line":3,"column":19}},"1":{"start":{"line":5,"column":20},"end":{"line":5,"column":93}},"2":{"start":{"line":5,"column":37},"end":{"line":5,"column":93}},"3":{"start":{"line":6,"column":19},"end":{"line":6,"column":90}},"4":{"start":{"line":6,"column":42},"end":{"line":6,"column":89}},"5":{"start":{"line":7,"column":21},"end":{"line":7,"column":89}},"6":{"start":{"line":7,"column":39},"end":{"line":7,"column":88}},"7":{"start":{"line":8,"column":28},"end":{"line":11,"column":1}},"8":{"start":{"line":9,"column":15},"end":{"line":9,"column":50}},"9":{"start":{"line":10,"column":2},"end":{"line":10,"column":60}},"10":{"start":{"line":12,"column":22},"end":{"line":21,"column":1}},"11":{"start":{"line":13,"column":20},"end":{"line":13,"column":55}},"12":{"start":{"line":14,"column":18},"end":{"line":14,"column":71}},"13":{"start":{"line":15,"column":15},"end":{"line":15,"column":17}},"14":{"start":{"line":16,"column":2},"end":{"line":19,"column":3}},"15":{"start":{"line":17,"column":4},"end":{"line":17,"column":66}},"16":{"start":{"line":18,"column":4},"end":{"line":18,"column":31}},"17":{"start":{"line":20,"column":2},"end":{"line":20,"column":13}},"18":{"start":{"line":22,"column":16},"end":{"line":55,"column":1}},"19":{"start":{"line":23,"column":15},"end":{"line":23,"column":17}},"20":{"start":{"line":24,"column":17},"end":{"line":30,"column":3}},"21":{"start":{"line":31,"column":20},"end":{"line":38,"column":3}},"22":{"start":{"line":32,"column":17},"end":{"line":32,"column":65}},"23":{"start":{"line":33,"column":4},"end":{"line":36,"column":5}},"24":{"start":{"line":34,"column":6},"end":{"line":35,"column":65}},"25":{"start":{"line":34,"column":22},"end":{"line":34,"column":62}},"26":{"start":{"line":35,"column":11},"end":{"line":35,"column":65}},"27":{"start":{"line":37,"column":4},"end":{"line":37,"column":25}},"28":{"start":{"line":39,"column":2},"end":{"line":54,"column":4}},"29":{"start":{"line":40,"column":4},"end":{"line":53,"column":6}},"30":{"start":{"line":45,"column":6},"end":{"line":47,"column":7}},"31":{"start":{"line":46,"column":28},"end":{"line":46,"column":55}},"32":{"start":{"line":49,"column":6},"end":{"line":50,"column":47}},"33":{"start":{"line":50,"column":28},"end":{"line":50,"column":44}},"34":{"start":{"line":52,"column":6},"end":{"line":52,"column":19}},"35":{"start":{"line":57,"column":2},"end":{"line":66,"column":1}},"36":{"start":{"line":58,"column":15},"end":{"line":65,"column":5}}},"fnMap":{"0":{"name":"(anonymous_0)","decl":{"start":{"line":5,"column":20},"end":{"line":5,"column":21}},"loc":{"start":{"line":5,"column":37},"end":{"line":5,"column":93}},"line":5},"1":{"name":"(anonymous_1)","decl":{"start":{"line":6,"column":19},"end":{"line":6,"column":20}},"loc":{"start":{"line":6,"column":42},"end":{"line":6,"column":89}},"line":6},"2":{"name":"(anonymous_2)","decl":{"start":{"line":7,"column":21},"end":{"line":7,"column":22}},"loc":{"start":{"line":7,"column":39},"end":{"line":7,"column":88}},"line":7},"3":{"name":"(anonymous_3)","decl":{"start":{"line":8,"column":28},"end":{"line":8,"column":29}},"loc":{"start":{"line":8,"column":38},"end":{"line":11,"column":1}},"line":8},"4":{"name":"(anonymous_4)","decl":{"start":{"line":12,"column":22},"end":{"line":12,"column":23}},"loc":{"start":{"line":12,"column":32},"end":{"line":21,"column":1}},"line":12},"5":{"name":"(anonymous_5)","decl":{"start":{"line":22,"column":16},"end":{"line":22,"column":17}},"loc":{"start":{"line":22,"column":65},"end":{"line":55,"column":1}},"line":22},"6":{"name":"(anonymous_6)","decl":{"start":{"line":31,"column":20},"end":{"line":31,"column":21}},"loc":{"start":{"line":31,"column":37},"end":{"line":38,"column":3}},"line":31},"7":{"name":"(anonymous_7)","decl":{"start":{"line":39,"column":21},"end":{"line":39,"column":22}},"loc":{"start":{"line":39,"column":42},"end":{"line":54,"column":3}},"line":39},"8":{"name":"(anonymous_8)","decl":{"start":{"line":44,"column":12},"end":{"line":44,"column":13}},"loc":{"start":{"line":44,"column":24},"end":{"line":48,"column":5}},"line":44},"9":{"name":"(anonymous_9)","decl":{"start":{"line":46,"column":13},"end":{"line":46,"column":14}},"loc":{"start":{"line":46,"column":28},"end":{"line":46,"column":55}},"line":46},"10":{"name":"(anonymous_10)","decl":{"start":{"line":48,"column":13},"end":{"line":48,"column":14}},"loc":{"start":{"line":48,"column":23},"end":{"line":51,"column":5}},"line":48},"11":{"name":"(anonymous_11)","decl":{"start":{"line":50,"column":13},"end":{"line":50,"column":14}},"loc":{"start":{"line":50,"column":28},"end":{"line":50,"column":44}},"line":50},"12":{"name":"(anonymous_12)","decl":{"start":{"line":51,"column":15},"end":{"line":51,"column":16}},"loc":{"start":{"line":51,"column":21},"end":{"line":53,"column":5}},"line":51},"13":{"name":"(anonymous_13)","decl":{"start":{"line":58,"column":9},"end":{"line":58,"column":10}},"loc":{"start":{"line":58,"column":15},"end":{"line":65,"column":5}},"line":58}},"branchMap":{"0":{"loc":{"start":{"line":22,"column":23},"end":{"line":22,"column":60}},"type":"default-arg","locations":[{"start":{"line":22,"column":33},"end":{"line":22,"column":60}}],"line":22},"1":{"loc":{"start":{"line":33,"column":4},"end":{"line":36,"column":5}},"type":"if","locations":[{"start":{"line":33,"column":4},"end":{"line":36,"column":5}},{"start":{},"end":{}}],"line":33},"2":{"loc":{"start":{"line":34,"column":6},"end":{"line":35,"column":65}},"type":"if","locations":[{"start":{"line":34,"column":6},"end":{"line":35,"column":65}},{"start":{"line":35,"column":11},"end":{"line":35,"column":65}}],"line":34}},"s":{"0":2,"1":2,"2":5,"3":2,"4":130,"5":2,"6":5,"7":2,"8":1,"9":1,"10":2,"11":4,"12":4,"13":4,"14":4,"15":11,"16":11,"17":4,"18":2,"19":4,"20":4,"21":4,"22":121,"23":121,"24":0,"25":0,"26":0,"27":121,"28":4,"29":4,"30":4,"31":121,"32":0,"33":0,"34":4,"35":2,"36":14},"f":{"0":5,"1":130,"2":5,"3":1,"4":4,"5":4,"6":121,"7":4,"8":4,"9":121,"10":0,"11":0,"12":4,"13":14},"b":{"0":[4],"1":[0,121],"2":[0,0]},"_coverageSchema":"1a1c01bbd47fc00a2c39e90264f33305004495a9","hash":"a069467b96fec16e91cb8112e445d2b28239beb9"}
}
