TN:
SF:src/common/month-days.js
FN:5,(anonymous_0)
FN:6,(anonymous_1)
FN:7,(anonymous_2)
FN:8,(anonymous_3)
FN:12,(anonymous_4)
FN:22,(anonymous_5)
FN:32,(anonymous_6)
FN:37,(anonymous_7)
FN:39,(anonymous_8)
FN:41,(anonymous_9)
FN:43,(anonymous_10)
FN:44,(anonymous_11)
FN:51,(anonymous_12)
FNF:13
FNH:11
FNDA:5,(anonymous_0)
FNDA:130,(anonymous_1)
FNDA:5,(anonymous_2)
FNDA:1,(anonymous_3)
FNDA:4,(anonymous_4)
FNDA:4,(anonymous_5)
FNDA:4,(anonymous_6)
FNDA:4,(anonymous_7)
FNDA:121,(anonymous_8)
FNDA:0,(anonymous_9)
FNDA:0,(anonymous_10)
FNDA:4,(anonymous_11)
FNDA:14,(anonymous_12)
DA:3,2
DA:5,5
DA:6,130
DA:7,5
DA:8,2
DA:9,1
DA:10,1
DA:12,2
DA:13,4
DA:14,4
DA:15,4
DA:16,4
DA:17,11
DA:18,11
DA:20,4
DA:22,2
DA:23,4
DA:24,4
DA:32,4
DA:33,4
DA:38,4
DA:39,121
DA:42,0
DA:43,0
DA:45,4
DA:50,2
DA:51,14
LF:27
LH:25
BRDA:22,0,0,4
BRDA:29,1,0,0
BRDA:29,1,1,4
BRF:3
BRH:2
end_of_record
TN:
SF:src/components/cd-day.vue
FN:1,(anonymous_0)
FNF:1
FNH:1
FNDA:33,(anonymous_0)
DA:1,102
LF:1
LH:1
BRF:0
BRH:0
end_of_record
TN:
SF:src/components/cd-month.vue
FN:24,(anonymous_0)
FN:1,(anonymous_1)
FNF:2
FNH:1
FNDA:0,(anonymous_0)
FNDA:49,(anonymous_1)
DA:1,70
DA:24,1
LF:2
LH:2
BRDA:24,0,0,0
BRDA:1,1,0,40
BRDA:1,1,1,7
BRDA:1,2,0,40
BRDA:1,2,1,8
BRDA:1,2,2,32
BRF:6
BRH:5
end_of_record
TN:
SF:src/views/month-view.vue
FN:1,(anonymous_0)
FNF:1
FNH:0
FNDA:0,(anonymous_0)
DA:1,0
LF:1
LH:0
BRF:0
BRH:0
end_of_record
