TN:
SF:src/common/month-days.js
FN:5,(anonymous_0)
FN:6,(anonymous_1)
FN:7,(anonymous_2)
FN:8,(anonymous_3)
FN:12,(anonymous_4)
FN:22,(anonymous_5)
FN:31,(anonymous_6)
FN:39,(anonymous_7)
FN:44,(anonymous_8)
FN:46,(anonymous_9)
FN:48,(anonymous_10)
FN:50,(anonymous_11)
FN:51,(anonymous_12)
FN:58,(anonymous_13)
FNF:14
FNH:12
FNDA:5,(anonymous_0)
FNDA:130,(anonymous_1)
FNDA:5,(anonymous_2)
FNDA:1,(anonymous_3)
FNDA:4,(anonymous_4)
FNDA:4,(anonymous_5)
FNDA:121,(anonymous_6)
FNDA:4,(anonymous_7)
FNDA:4,(anonymous_8)
FNDA:121,(anonymous_9)
FNDA:0,(anonymous_10)
FNDA:0,(anonymous_11)
FNDA:4,(anonymous_12)
FNDA:14,(anonymous_13)
DA:3,2
DA:5,5
DA:6,130
DA:7,5
DA:8,2
DA:9,1
DA:10,1
DA:12,2
DA:13,4
DA:14,4
DA:15,4
DA:16,4
DA:17,11
DA:18,11
DA:20,4
DA:22,2
DA:23,4
DA:24,4
DA:31,4
DA:32,121
DA:33,121
DA:34,0
DA:35,0
DA:37,121
DA:39,4
DA:40,4
DA:45,4
DA:46,121
DA:49,0
DA:50,0
DA:52,4
DA:57,2
DA:58,14
LF:33
LH:29
BRDA:22,0,0,4
BRDA:33,1,0,0
BRDA:33,1,1,121
BRDA:34,2,0,0
BRDA:34,2,1,0
BRF:5
BRH:2
end_of_record
